<?xml version="1.0" encoding="UTF-8"?>
<!-- Generated by org.testng.reporters.JUnitReportReporter -->
<testsuite hostname="WKWZTz7OMn2x79I" failures="0" tests="1" name="assignment.concatenation" time="0.013" errors="0" timestamp="2022-11-30T00:12:57 IST" skipped="0">
  <testcase classname="assignment.concatenation" name="fullname" time="0.013"/>
  <system-out/>
</testsuite> <!-- assignment.concatenation -->
